
SKA: Split Kmer Analysis
Version: 1.0
Citation: TBA

Calculating pairwise distances for 60 files
Clusters will be created for isolates that are within 100 SNPs of one another and share at least 95% of the split kmers of the isolate with fewer kmers
Distances will be written to ST57_dists/ST57_dist_100_SNP.distances.tsv
Clusters will be written to files with the prefix ST57_dists/ST57_dist_100_SNP

Collecting number of samples 
Found 60 samples in 60 files
Reading ST57/AusGEM_00043.skf
Reading ST57/AusGEM_00054.skf
Reading ST57/AusGEM_00056.skf
Reading ST57/AusGEM_00063.skf
Reading ST57/AusGEM_00076.skf
Reading ST57/AusGEM_00077.skf
Reading ST57/AusGEM_00078.skf
Reading ST57/AusGEM_00084.skf
Reading ST57/AusGEM_00109.skf
Reading ST57/AusGEM_00241.skf
Reading ST57/AusGEM_00242.skf
Reading ST57/AusGEM_00243.skf
Reading ST57/AusGEM_00244.skf
Reading ST57/AusGEM_00247.skf
Reading ST57/AusGEM_00248.skf
Reading ST57/AusGEM_00249.skf
Reading ST57/AusGEM_00250.skf
Reading ST57/AusGEM_00262.skf
Reading ST57/AusGEM_00263.skf
Reading ST57/AusGEM_00265.skf
Reading ST57/AusGEM_00266.skf
Reading ST57/AusGEM_00273.skf
Reading ST57/AusGEM_00274.skf
Reading ST57/AusGEM_00275.skf
Reading ST57/AusGEM_00276.skf
Reading ST57/AusGEM_00277.skf
Reading ST57/AusGEM_00278.skf
Reading ST57/AusGEM_00279.skf
Reading ST57/AusGEM_00281.skf
Reading ST57/AusGEM_00283.skf
Reading ST57/AusGEM_00285.skf
Reading ST57/AusGEM_00451.skf
Reading ST57/AusGEM_00834.skf
Reading ST57/AusGEM_01119.skf
Reading ST57/SRR7469846.skf
Reading ST57/SRR7469904.skf
Reading ST57/SRR7469914.skf
Reading ST57/TEA_A1_12.skf
Reading ST57/TEA_A2_22.skf
Reading ST57/TEA_A3_57.skf
Reading ST57/TEA_A3_8.skf
Reading ST57/TEA_A3_9.skf
Reading ST57/TEA_A4_12.skf
Reading ST57/TEA_A4_2.skf
Reading ST57/TEA_A4_32.skf
Reading ST57/TEA_A4_9.skf
Reading ST57/TEA_B1818.skf
Reading ST57/TEA_C1_101.skf
Reading ST57/TEA_C1_102.skf
Reading ST57/TEA_C1_111.skf
Reading ST57/TEA_C2_115.skf
Reading ST57/TEA_C2_68.skf
Reading ST57/TEA_C2_94.skf
Reading ST57/TEA_C3_43.skf
Reading ST57/TEA_C4_53.skf
Reading ST57/TEA_C4_65.skf
Reading ST57/TEA_E7715.skf
Reading ST57/TEA_M688.skf
Reading ST57/TEA_W1_79.skf
Reading ST57/TEA_W3_72.skf
9063917 kmers read from 60 samples in 60 files
Calculating SNP distances
Printing clusters to ST57_dists/ST57_dist_100_SNP.clusters.tsv
Printing distances to ST57_dists/ST57_dist_100_SNP.distances.tsv
Done
Total time required: 234.359s
